# JRE version: OpenJDK Runtime Environment (11.0.15+10) (build 11.0.15+10-Ubuntu-0ubuntu0.21.10.1)
# Java VM: OpenJDK 64-Bit Server VM (11.0.15+10-Ubuntu-0ubuntu0.21.10.1, mixed mode, sharing, tiered, compressed oops, g1 gc, linux-amd64)
Heap:
 garbage-first heap   total 192512K, used 95723K [0x0000000746c00000, 0x0000000800000000)
  region size 1024K, 86 young (88064K), 1 survivors (1024K)
 Metaspace       used 6175K, capacity 6355K, committed 6656K, reserved 1056768K
  class space    used 595K, capacity 677K, committed 768K, reserved 1048576K
GC Heap History (6 events):
Event: 30.527 GC heap before
{Heap before GC invocations=0 (full 0):
 garbage-first heap   total 192512K, used 26312K [0x0000000746c00000, 0x0000000800000000)
  region size 1024K, 24 young (24576K), 0 survivors (0K)
 Metaspace       used 3557K, capacity 5169K, committed 5376K, reserved 1056768K
  class space    used 332K, capacity 511K, committed 512K, reserved 1048576K
}
Event: 30.544 GC heap after
{Heap after GC invocations=1 (full 0):
 garbage-first heap   total 192512K, used 8079K [0x0000000746c00000, 0x0000000800000000)
  region size 1024K, 3 young (3072K), 3 survivors (3072K)
 Metaspace       used 3557K, capacity 5169K, committed 5376K, reserved 1056768K
  class space    used 332K, capacity 511K, committed 512K, reserved 1048576K
}
Event: 30.709 GC heap before
{Heap before GC invocations=1 (full 0):
 garbage-first heap   total 192512K, used 27535K [0x0000000746c00000, 0x0000000800000000)
  region size 1024K, 22 young (22528K), 3 survivors (3072K)
 Metaspace       used 3557K, capacity 5169K, committed 5376K, reserved 1056768K
  class space    used 332K, capacity 511K, committed 512K, reserved 1048576K
}
Event: 30.719 GC heap after
{Heap after GC invocations=2 (full 0):
 garbage-first heap   total 192512K, used 8669K [0x0000000746c00000, 0x0000000800000000)
  region size 1024K, 1 young (1024K), 1 survivors (1024K)
 Metaspace       used 3557K, capacity 5169K, committed 5376K, reserved 1056768K
  class space    used 332K, capacity 511K, committed 512K, reserved 1048576K
}
Event: 31.063 GC heap before
{Heap before GC invocations=2 (full 0):
 garbage-first heap   total 192512K, used 55773K [0x0000000746c00000, 0x0000000800000000)
  region size 1024K, 47 young (48128K), 1 survivors (1024K)
 Metaspace       used 3585K, capacity 5169K, committed 5376K, reserved 1056768K
  class space    used 332K, capacity 511K, committed 512K, reserved 1048576K
}
Event: 31.064 GC heap after
{Heap after GC invocations=3 (full 0):
 garbage-first heap   total 192512K, used 8683K [0x0000000746c00000, 0x0000000800000000)
  region size 1024K, 1 young (1024K), 1 survivors (1024K)
 Metaspace       used 3585K, capacity 5169K, committed 5376K, reserved 1056768K
  class space    used 332K, capacity 511K, committed 512K, reserved 1048576K
}

