# JRE version: OpenJDK Runtime Environment (11.0.15+10) (build 11.0.15+10-Ubuntu-0ubuntu0.21.10.1)
# Java VM: OpenJDK 64-Bit Server VM (11.0.15+10-Ubuntu-0ubuntu0.21.10.1, mixed mode, sharing, tiered, compressed oops, g1 gc, linux-amd64)
Heap:
 garbage-first heap   total 192512K, used 86577K [0x0000000746c00000, 0x0000000800000000)
  region size 1024K, 77 young (78848K), 1 survivors (1024K)
 Metaspace       used 5978K, capacity 6227K, committed 6400K, reserved 1056768K
  class space    used 586K, capacity 677K, committed 768K, reserved 1048576K
GC Heap History (6 events):
Event: 11.297 GC heap before
{Heap before GC invocations=0 (full 0):
 garbage-first heap   total 192512K, used 26312K [0x0000000746c00000, 0x0000000800000000)
  region size 1024K, 24 young (24576K), 0 survivors (0K)
 Metaspace       used 3561K, capacity 5169K, committed 5376K, reserved 1056768K
  class space    used 332K, capacity 511K, committed 512K, reserved 1048576K
}
Event: 11.312 GC heap after
{Heap after GC invocations=1 (full 0):
 garbage-first heap   total 192512K, used 8112K [0x0000000746c00000, 0x0000000800000000)
  region size 1024K, 3 young (3072K), 3 survivors (3072K)
 Metaspace       used 3561K, capacity 5169K, committed 5376K, reserved 1056768K
  class space    used 332K, capacity 511K, committed 512K, reserved 1048576K
}
Event: 11.487 GC heap before
{Heap before GC invocations=1 (full 0):
 garbage-first heap   total 192512K, used 31664K [0x0000000746c00000, 0x0000000800000000)
  region size 1024K, 26 young (26624K), 3 survivors (3072K)
 Metaspace       used 3561K, capacity 5169K, committed 5376K, reserved 1056768K
  class space    used 332K, capacity 511K, committed 512K, reserved 1048576K
}
Event: 11.501 GC heap after
{Heap after GC invocations=2 (full 0):
 garbage-first heap   total 192512K, used 8761K [0x0000000746c00000, 0x0000000800000000)
  region size 1024K, 1 young (1024K), 1 survivors (1024K)
 Metaspace       used 3561K, capacity 5169K, committed 5376K, reserved 1056768K
  class space    used 332K, capacity 511K, committed 512K, reserved 1048576K
}
Event: 11.882 GC heap before
{Heap before GC invocations=2 (full 0):
 garbage-first heap   total 192512K, used 59961K [0x0000000746c00000, 0x0000000800000000)
  region size 1024K, 51 young (52224K), 1 survivors (1024K)
 Metaspace       used 3589K, capacity 5169K, committed 5376K, reserved 1056768K
  class space    used 332K, capacity 511K, committed 512K, reserved 1048576K
}
Event: 11.884 GC heap after
{Heap after GC invocations=3 (full 0):
 garbage-first heap   total 192512K, used 8753K [0x0000000746c00000, 0x0000000800000000)
  region size 1024K, 1 young (1024K), 1 survivors (1024K)
 Metaspace       used 3589K, capacity 5169K, committed 5376K, reserved 1056768K
  class space    used 332K, capacity 511K, committed 512K, reserved 1048576K
}

